<?xml version="1.0" encoding="UTF-8"?>
<!-- Generated by org.testng.reporters.JUnitReportReporter -->
<testsuite skipped="0" hostname="Hatices-MacBook-Air-2.local" name="com.cybertek2.Xpath" tests="1" failures="0" timestamp="22 Jun 2018 18:14:49 GMT" time="31.660" errors="0">
  <testcase name="isIphone" time="31.660" classname="com.cybertek2.Xpath"/>
</testsuite> <!-- com.cybertek2.Xpath -->
