<?xml version="1.0" encoding="UTF-8"?>
<!-- Generated by org.testng.reporters.JUnitReportReporter -->
<testsuite skipped="0" hostname="Hatices-MacBook-Air-2.local" name="com.cybertek2.UnitTest" tests="1" failures="0" timestamp="20 Jun 2018 00:16:31 GMT" time="0.021" errors="0">
  <testcase name="addTest" time="0.021" classname="com.cybertek2.UnitTest"/>
</testsuite> <!-- com.cybertek2.UnitTest -->
