<?xml version="1.0" encoding="UTF-8"?>
<!-- Generated by org.testng.reporters.JUnitReportReporter -->
<testsuite skipped="0" hostname="Hatices-MacBook-Air-2.local" name="com.cybertek2.SearchTests" tests="1" failures="0" timestamp="21 Jun 2018 01:52:01 GMT" time="12.453" errors="0">
  <testcase name="amazonSearch" time="12.453" classname="com.cybertek2.SearchTests"/>
</testsuite> <!-- com.cybertek2.SearchTests -->
