<?xml version="1.0" encoding="UTF-8"?>
<!-- Generated by org.testng.reporters.JUnitReportReporter -->
<testsuite skipped="0" hostname="Hatices-MacBook-Air-2.local" name="com.cybertek2.BrowserPopUps" tests="4" failures="0" timestamp="08 Jul 2018 19:58:25 GMT" time="37.294" errors="0">
  <testcase name="iframe3" time="0.467" classname="com.cybertek2.BrowserPopUps"/>
  <testcase name="iframe" time="1.544" classname="com.cybertek2.BrowserPopUps"/>
  <testcase name="iframe2" time="30.590" classname="com.cybertek2.BrowserPopUps"/>
  <testcase name="windows" time="4.693" classname="com.cybertek2.BrowserPopUps"/>
</testsuite> <!-- com.cybertek2.BrowserPopUps -->
