<?xml version="1.0" encoding="UTF-8"?>
<!-- Generated by org.testng.reporters.JUnitReportReporter -->
<testsuite skipped="1" hostname="Hatices-MacBook-Air-2.local" name="com.PomDesign.WebOrderLoginTests" tests="3" failures="0" timestamp="09 Jul 2018 16:39:54 GMT" time="3.524" errors="0">
  <testcase name="invalidUsernameTest" time="2.026" classname="com.PomDesign.WebOrderLoginTests"/>
  <testcase name="positiveLoginUsingPOM" time="1.498" classname="com.PomDesign.WebOrderLoginTests"/>
  <testcase name="positiveloginTest" classname="com.PomDesign.WebOrderLoginTests">
    <skipped/>
  </testcase> <!-- positiveloginTest -->
</testsuite> <!-- com.PomDesign.WebOrderLoginTests -->
