<?xml version="1.0" encoding="UTF-8"?>
<!-- Generated by org.testng.reporters.JUnitReportReporter -->
<testsuite skipped="0" hostname="Hatices-MacBook-Air-2.local" name="com.cybertek2.WebElementsForm" tests="6" failures="0" timestamp="27 Jun 2018 15:34:31 GMT" time="17.776" errors="0">
  <testcase name="testInput" time="0.390" classname="com.cybertek2.WebElementsForm"/>
  <testcase name="testDropdowns" time="3.265" classname="com.cybertek2.WebElementsForm"/>
  <testcase name="testCheckbox" time="0.592" classname="com.cybertek2.WebElementsForm"/>
  <testcase name="testRadiobox" time="0.546" classname="com.cybertek2.WebElementsForm"/>
  <testcase name="buttons" time="1.181" classname="com.cybertek2.WebElementsForm"/>
  <testcase name="Fill" time="11.802" classname="com.cybertek2.WebElementsForm"/>
</testsuite> <!-- com.cybertek2.WebElementsForm -->
