<?xml version="1.0" encoding="UTF-8"?>
<!-- Generated by org.testng.reporters.JUnitReportReporter -->
<testsuite skipped="0" hostname="Hatices-MacBook-Air-2.local" name="com.cybertek2.FileUpload" tests="1" failures="0" timestamp="04 Jul 2018 21:17:42 GMT" time="19.638" errors="0">
  <testcase name="testFileUpload" time="19.638" classname="com.cybertek2.FileUpload"/>
</testsuite> <!-- com.cybertek2.FileUpload -->
