<?xml version="1.0" encoding="UTF-8"?>
<!-- Generated by org.testng.reporters.JUnitReportReporter -->
<testsuite skipped="0" hostname="Hatices-MacBook-Air-2.local" name="com.cybertek2.TestNGDemo" tests="2" failures="0" timestamp="20 Jun 2018 01:27:35 GMT" time="0.013" errors="0">
  <testcase name="testSecond" time="0.004" classname="com.cybertek2.TestNGDemo"/>
  <testcase name="testOne" time="0.009" classname="com.cybertek2.TestNGDemo"/>
</testsuite> <!-- com.cybertek2.TestNGDemo -->
