<?xml version="1.0" encoding="UTF-8"?>
<!-- Generated by org.testng.reporters.JUnitReportReporter -->
<testsuite skipped="0" hostname="Hatices-MacBook-Air-2.local" name="com.cybertek2.MultipleWindows" tests="2" failures="0" timestamp="08 Jul 2018 19:38:41 GMT" time="5.580" errors="0">
  <testcase name="switchwindowsbyName" time="2.496" classname="com.cybertek2.MultipleWindows"/>
  <testcase name="switchwindowsbyUtil" time="3.084" classname="com.cybertek2.MultipleWindows"/>
</testsuite> <!-- com.cybertek2.MultipleWindows -->
