<?xml version="1.0" encoding="UTF-8"?>
<!-- Generated by org.testng.reporters.JUnitReportReporter -->
<testsuite skipped="0" hostname="Hatices-Air-2.hsd1.ma.comcast.net" name="webTables.readWebtables" tests="2" failures="0" timestamp="30 Jun 2018 20:47:06 GMT" time="4.692" errors="0">
  <testcase name="readScores" time="1.006" classname="webTables.readWebtables"/>
  <testcase name="applicantsData" time="3.686" classname="webTables.readWebtables"/>
</testsuite> <!-- webTables.readWebtables -->
