<?xml version="1.0" encoding="UTF-8"?>
<!-- Generated by org.testng.reporters.JUnitReportReporter -->
<testsuite skipped="0" hostname="Hatices-MacBook-Air-2.local" name="com.cybertek2.ATestThatCleansUp" tests="2" failures="0" timestamp="20 Jun 2018 01:48:35 GMT" time="16.701" errors="0">
  <testcase name="testTwo" time="7.904" classname="com.cybertek2.ATestThatCleansUp"/>
  <testcase name="testOne" time="8.797" classname="com.cybertek2.ATestThatCleansUp"/>
</testsuite> <!-- com.cybertek2.ATestThatCleansUp -->
