<?xml version="1.0" encoding="UTF-8"?>
<!-- Generated by org.testng.reporters.JUnitReportReporter -->
<testsuite skipped="0" hostname="Hatices-Air-2.hsd1.ma.comcast.net" name="com.cybertek2.Alerts" tests="1" failures="0" timestamp="06 Jul 2018 21:18:15 GMT" time="4.737" errors="0">
  <testcase name="simpleAlert" time="4.737" classname="com.cybertek2.Alerts"/>
</testsuite> <!-- com.cybertek2.Alerts -->
