<?xml version="1.0" encoding="UTF-8"?>
<!-- Generated by org.testng.reporters.JUnitReportReporter -->
<testsuite skipped="0" hostname="Hatices-Air-2.hsd1.ma.comcast.net" name="TablesHomework.tablesHomework" tests="1" failures="0" timestamp="03 Jul 2018 01:02:48 GMT" time="29.104" errors="0">
  <testcase name="readTable" time="29.104" classname="TablesHomework.tablesHomework"/>
</testsuite> <!-- TablesHomework.tablesHomework -->
