<?xml version="1.0" encoding="UTF-8"?>
<!-- Generated by org.testng.reporters.JUnitReportReporter -->
<testsuite skipped="0" hostname="Hatices-MacBook-Air-2.local" name="com.cybertek2.Sync" tests="2" failures="0" timestamp="10 Jul 2018 15:37:01 GMT" time="18.560" errors="0">
  <testcase name="test" time="8.048" classname="com.cybertek2.Sync"/>
  <testcase name="implicitWait" time="10.512" classname="com.cybertek2.Sync"/>
</testsuite> <!-- com.cybertek2.Sync -->
