<?xml version="1.0" encoding="UTF-8"?>
<!-- Generated by org.testng.reporters.JUnitReportReporter -->
<testsuite skipped="0" hostname="Hatices-MacBook-Air-2.local" name="com.PomDesign.WebOrdersTests" tests="2" failures="0" timestamp="10 Jul 2018 16:21:04 GMT" time="2.900" errors="0">
  <testcase name="availableProductsTest" time="1.397" classname="com.PomDesign.WebOrdersTests"/>
  <testcase name="labelsVerication" time="1.503" classname="com.PomDesign.WebOrdersTests"/>
</testsuite> <!-- com.PomDesign.WebOrdersTests -->
