<?xml version="1.0" encoding="UTF-8"?>
<!-- Generated by org.testng.reporters.JUnitReportReporter -->
<testsuite skipped="0" hostname="Hatices-MacBook-Air-2.local" name="com.PomDesign.OrdersPageTest" tests="2" failures="0" timestamp="10 Jul 2018 16:42:29 GMT" time="4.723" errors="0">
  <testcase name="labelsVerication" time="0.532" classname="com.PomDesign.OrdersPageTest"/>
  <testcase name="placeOrder" time="4.191" classname="com.PomDesign.OrdersPageTest"/>
</testsuite> <!-- com.PomDesign.OrdersPageTest -->
